<?xml version="1.0" encoding="UTF-8"?>
<coverage generated="1573157413826" clover="3.2.0">
  <project timestamp="1573157413827" name="All files">
    <metrics statements="7" coveredstatements="6" conditionals="2" coveredconditionals="1" methods="3" coveredmethods="3" elements="12" coveredelements="10" complexity="0" loc="7" ncloc="7" packages="1" files="2" classes="2"/>
    <file name="Port.js" path="/Users/jamesbarrington/Manchester_codes/cruise-ships/src/Port.js">
      <metrics statements="2" coveredstatements="2" conditionals="0" coveredconditionals="0" methods="1" coveredmethods="1"/>
      <line num="3" count="3" type="stmt"/>
      <line num="7" count="2" type="stmt"/>
    </file>
    <file name="Ship.js" path="/Users/jamesbarrington/Manchester_codes/cruise-ships/src/Ship.js">
      <metrics statements="5" coveredstatements="4" conditionals="2" coveredconditionals="1" methods="2" coveredmethods="2"/>
      <line num="3" count="3" type="stmt"/>
      <line num="6" count="1" type="cond" truecount="1" falsecount="1"/>
      <line num="7" count="0" type="stmt"/>
      <line num="8" count="1" type="stmt"/>
      <line num="12" count="1" type="stmt"/>
    </file>
  </project>
</coverage>
