{"/Users/jamesbarrington/Manchester_codes/cruise-ships/src/Port.js": {"path":"/Users/jamesbarrington/Manchester_codes/cruise-ships/src/Port.js","statementMap":{"0":{"start":{"line":3,"column":8},"end":{"line":3,"column":25}},"1":{"start":{"line":7,"column":0},"end":{"line":7,"column":22}}},"fnMap":{"0":{"name":"(anonymous_0)","decl":{"start":{"line":2,"column":4},"end":{"line":2,"column":5}},"loc":{"start":{"line":2,"column":22},"end":{"line":4,"column":5}},"line":2}},"branchMap":{},"s":{"0":3,"1":2},"f":{"0":3},"b":{},"_coverageSchema":"43e27e138ebf9cfc5966b082cf9a028302ed4184","hash":"0fc91b77f659eea524868468e2babe2103c0ffda"}
,"/Users/jamesbarrington/Manchester_codes/cruise-ships/src/Ship.js": {"path":"/Users/jamesbarrington/Manchester_codes/cruise-ships/src/Ship.js","statementMap":{"0":{"start":{"line":3,"column":4},"end":{"line":3,"column":28}},"1":{"start":{"line":6,"column":8},"end":{"line":8,"column":28}},"2":{"start":{"line":7,"column":12},"end":{"line":7,"column":24}},"3":{"start":{"line":8,"column":15},"end":{"line":8,"column":28}},"4":{"start":{"line":12,"column":0},"end":{"line":12,"column":22}}},"fnMap":{"0":{"name":"(anonymous_0)","decl":{"start":{"line":2,"column":4},"end":{"line":2,"column":5}},"loc":{"start":{"line":2,"column":22},"end":{"line":4,"column":5}},"line":2},"1":{"name":"(anonymous_1)","decl":{"start":{"line":5,"column":4},"end":{"line":5,"column":5}},"loc":{"start":{"line":5,"column":26},"end":{"line":9,"column":5}},"line":5}},"branchMap":{"0":{"loc":{"start":{"line":6,"column":8},"end":{"line":8,"column":28}},"type":"if","locations":[{"start":{"line":6,"column":8},"end":{"line":8,"column":28}},{"start":{"line":6,"column":8},"end":{"line":8,"column":28}}],"line":6}},"s":{"0":3,"1":1,"2":0,"3":1,"4":1},"f":{"0":3,"1":1},"b":{"0":[0,1]},"_coverageSchema":"43e27e138ebf9cfc5966b082cf9a028302ed4184","hash":"5083219cd8135214524ee3c2afcc72b7cfd41415"}
}
